<?xml version="1.0" encoding="UTF-8"?>
<!-- Generated by org.testng.reporters.JUnitReportReporter -->
<testsuite hostname="Monika" failures="0" tests="1" name="JavaStreams.Stream2" time="0.013" errors="0" timestamp="2024-04-18T18:06:43 IST" skipped="0">
  <testcase classname="JavaStreams.Stream2" name="streamnew" time="0.013"/>
</testsuite> <!-- JavaStreams.Stream2 -->
