<?xml version="1.0" encoding="UTF-8"?>
<!-- Generated by org.testng.reporters.JUnitReportReporter -->
<testsuite hostname="Monika" failures="0" tests="1" name="JavaStreams.JavaProgram_sortthename" time="0.015" errors="0" timestamp="2024-04-18T17:14:44 IST" skipped="0">
  <testcase classname="JavaStreams.JavaProgram_sortthename" name="Stream" time="0.015"/>
</testsuite> <!-- JavaStreams.JavaProgram_sortthename -->
